<?xml version="1.0" encoding="UTF-8" ?>
<testsuite errors="0" failures="0" hostname="YT00643" name="service.PaperServiceTest" skipped="0" tests="1" time="6.306" timestamp="2016-08-18T13:28:41">
  <properties>
[...]
</properties>
  <testcase classname="service.PaperServiceTest" name="testCreatePaper" time="6.212" />
  <system-out><![CDATA[before.............................
58,128,124,131,81,137,100,119,120,121
after...........................
]]></system-out>
  <system-err><![CDATA[]]></system-err>
</testsuite>
